<?xml version="1.0" encoding="UTF-8"?>
<!-- Generated by org.testng.reporters.JUnitReportReporter -->
<testsuite hostname="Dell-Inspiron-3505" failures="0" tests="2" name="tdd.approach.AdvanceUIMethods" time="4.480" errors="0" timestamp="2022-09-07T09:23:30 IST" skipped="0">
  <testcase classname="tdd.approach.AdvanceUIMethods" name="datePickerTo" time="3.112"/>
  <system-out/>
  <testcase classname="tdd.approach.AdvanceUIMethods" name="datePickerFrom" time="1.368"/>
  <system-out/>
</testsuite> <!-- tdd.approach.AdvanceUIMethods -->
