<?xml version="1.0" encoding="UTF-8"?>
<!-- Generated by org.testng.reporters.JUnitReportReporter -->
<testsuite hostname="Dell-Inspiron-3505" failures="0" tests="1" name="demoqa.UploadDownload" time="6.999" errors="0" timestamp="2023-06-05T21:39:39 IST" skipped="0">
  <testcase classname="demoqa.UploadDownload" name="uploadImage" time="6.999"/>
  <system-out/>
</testsuite> <!-- demoqa.UploadDownload -->
