<?xml version="1.0" encoding="UTF-8"?>
<!-- Generated by org.testng.reporters.JUnitReportReporter -->
<testsuite hostname="Dell-Inspiron-3505" failures="0" tests="9" name="demoqa.PracticeForm" time="11.068" errors="0" timestamp="2023-06-14T21:18:15 IST" skipped="0">
  <testcase classname="demoqa.PracticeForm" name="selectcity" time="0.227"/>
  <system-out/>
  <testcase classname="demoqa.PracticeForm" name="uploadImage" time="6.090"/>
  <system-out/>
  <testcase classname="demoqa.PracticeForm" name="clickSubmit" time="0.308"/>
  <system-out/>
  <testcase classname="demoqa.PracticeForm" name="autoSuggestionDropdown" time="1.447"/>
  <system-out/>
  <testcase classname="demoqa.PracticeForm" name="selectGender" time="0.192"/>
  <system-out/>
  <testcase classname="demoqa.PracticeForm" name="enterData" time="1.025"/>
  <system-out/>
  <testcase classname="demoqa.PracticeForm" name="selectState" time="0.340"/>
  <system-out/>
  <testcase classname="demoqa.PracticeForm" name="selectDate" time="1.247"/>
  <system-out/>
  <testcase classname="demoqa.PracticeForm" name="selectHobbies" time="0.192"/>
  <system-out/>
</testsuite> <!-- demoqa.PracticeForm -->
