<?xml version="1.0" encoding="UTF-8"?>
<!-- Generated by org.testng.reporters.JUnitReportReporter -->
<testsuite hostname="Dell-Inspiron-3505" failures="0" tests="1" name="selenium.widgets.Accodian" time="0.534" errors="0" timestamp="2023-06-24T11:29:02 IST" skipped="0">
  <testcase classname="selenium.widgets.Accodian" name="clickAccodian" time="0.534"/>
  <system-out/>
</testsuite> <!-- selenium.widgets.Accodian -->
