<?xml version="1.0" encoding="UTF-8"?>
<!-- Generated by org.testng.reporters.JUnitReportReporter -->
<testsuite hostname="Dell-Inspiron-3505" failures="0" tests="2" name="seleniu.inetractions.Selectable" time="3.817" errors="0" timestamp="2023-07-13T18:04:21 IST" skipped="0">
  <testcase classname="seleniu.inetractions.Selectable" name="selectableList" time="1.198"/>
  <system-out/>
  <testcase classname="seleniu.inetractions.Selectable" name="selectableGrid" time="2.619"/>
  <system-out/>
</testsuite> <!-- seleniu.inetractions.Selectable -->
