<?xml version="1.0" encoding="UTF-8"?>
<!-- Generated by org.testng.reporters.JUnitReportReporter -->
<testsuite hostname="Dell-Inspiron-3505" failures="0" tests="1" name="seleniu.intractions.Sortable" time="2.704" errors="0" timestamp="2023-06-23T17:59:24 IST" skipped="0">
  <testcase classname="seleniu.intractions.Sortable" name="sortable" time="2.704"/>
  <system-out/>
</testsuite> <!-- seleniu.intractions.Sortable -->
