<?xml version="1.0" encoding="UTF-8"?>
<!-- Generated by org.testng.reporters.JUnitReportReporter -->
<testsuite hostname="Dell-Inspiron-3505" failures="0" tests="2" name="selenium.widgets.Autocomplete" time="2.863" errors="0" timestamp="2023-06-23T21:02:03 IST" skipped="0">
  <testcase classname="selenium.widgets.Autocomplete" name="typesingle" time="1.380"/>
  <system-out/>
  <testcase classname="selenium.widgets.Autocomplete" name="typemultiple" time="1.483"/>
  <system-out/>
</testsuite> <!-- selenium.widgets.Autocomplete -->
