<?xml version="1.0" encoding="UTF-8"?>
<!-- Generated by org.testng.reporters.JUnitReportReporter -->
<<<<<<< HEAD
<testsuite hostname="Dell-Inspiron-3505" failures="0" tests="1" name="runner.RunCuke" time="27.381" errors="0" timestamp="2023-11-03T20:08:50 IST" skipped="0">
  <testcase classname="runner.RunCuke" name="runScenario" time="27.381"/>
=======
<testsuite hostname="Dell-Inspiron-3505" failures="0" tests="2" name="runner.RunCuke" time="35.144" errors="0" timestamp="2023-10-25T22:12:39 IST" skipped="0">
  <testcase classname="runner.RunCuke" name="runScenario" time="19.244"/>
  <system-out/>
  <testcase classname="runner.RunCuke" name="runScenario" time="15.900"/>
>>>>>>> branch 'master' of https://github.com/Qanitinsingh/LearnCucumber.git
  <system-out/>
</testsuite> <!-- runner.RunCuke -->
