<?xml version="1.0" encoding="UTF-8"?>
<!-- Generated by org.testng.reporters.JUnitReportReporter -->
<testsuite hostname="Dell-Inspiron-3505" failures="0" tests="3" name="selenium.elements.RightClickDoubleClick" time="0.551" errors="0" timestamp="2023-06-19T21:14:18 IST" skipped="0">
  <testcase classname="selenium.elements.RightClickDoubleClick" name="doubleClick" time="0.232"/>
  <system-out/>
  <testcase classname="selenium.elements.RightClickDoubleClick" name="click" time="0.147"/>
  <system-out/>
  <testcase classname="selenium.elements.RightClickDoubleClick" name="rightClick" time="0.172"/>
  <system-out/>
</testsuite> <!-- selenium.elements.RightClickDoubleClick -->
