<?xml version="1.0" encoding="UTF-8"?>
<!-- Generated by org.testng.reporters.JUnitReportReporter -->
<testsuite hostname="Dell-Inspiron-3505" failures="0" tests="1" name="runner.RunCuke" time="30.269" errors="0" timestamp="2023-07-11T07:38:02 IST" skipped="0">
  <testcase classname="runner.RunCuke" name="runScenario" time="30.269"/>
  <system-out/>
</testsuite> <!-- runner.RunCuke -->
