<?xml version="1.0" encoding="UTF-8"?>
<!-- Generated by org.testng.reporters.JUnitReportReporter -->
<testsuite hostname="Dell-Inspiron-3505" failures="0" tests="4" name="selenium.alert.frame.window.HandleAlerts" time="8.053" errors="0" timestamp="2023-08-14T20:16:12 IST" skipped="0">
  <testcase classname="selenium.alert.frame.window.HandleAlerts" name="simpleAlert" time="0.360"/>
  <system-out/>
  <testcase classname="selenium.alert.frame.window.HandleAlerts" name="timerAlertButton" time="6.155"/>
  <system-out/>
  <testcase classname="selenium.alert.frame.window.HandleAlerts" name="confirmAlertButton" time="0.200"/>
  <system-out/>
  <testcase classname="selenium.alert.frame.window.HandleAlerts" name="promptAlertButton" time="1.338"/>
  <system-out/>
</testsuite> <!-- selenium.alert.frame.window.HandleAlerts -->
