<?xml version="1.0" encoding="UTF-8"?>
<!-- Generated by org.testng.reporters.JUnitReportReporter -->
<testsuite hostname="Dell-Inspiron-3505" failures="0" tests="3" name="demoqa.Clicks" time="0.558" errors="0" timestamp="2023-05-31T20:40:27 IST" skipped="0">
  <testcase classname="demoqa.Clicks" name="doubleClick" time="0.237"/>
  <system-out/>
  <testcase classname="demoqa.Clicks" name="dynamicClick" time="0.130"/>
  <system-out/>
  <testcase classname="demoqa.Clicks" name="rightClick" time="0.191"/>
  <system-out/>
</testsuite> <!-- demoqa.Clicks -->
