<?xml version="1.0" encoding="UTF-8"?>
<!-- Generated by org.testng.reporters.JUnitReportReporter -->
<testsuite hostname="Dell-Inspiron-3505" failures="0" tests="5" name="selenium.widgets.MultiSelect" time="2.953" errors="0" timestamp="2023-06-23T20:53:34 IST" skipped="0">
  <testcase classname="selenium.widgets.MultiSelect" name="multiSelect" time="1.474"/>
  <system-out/>
  <testcase classname="selenium.widgets.MultiSelect" name="selectOne" time="0.278"/>
  <system-out/>
  <testcase classname="selenium.widgets.MultiSelect" name="oldSelect" time="0.389"/>
  <system-out/>
  <testcase classname="selenium.widgets.MultiSelect" name="selectValue" time="0.272"/>
  <system-out/>
  <testcase classname="selenium.widgets.MultiSelect" name="multiSelect1" time="0.540"/>
  <system-out/>
</testsuite> <!-- selenium.widgets.MultiSelect -->
