<?xml version="1.0" encoding="UTF-8"?>
<!-- Generated by org.testng.reporters.JUnitReportReporter -->
<testsuite hostname="Dell-Inspiron-3505" failures="0" tests="1" name="demoqa.RadioButton" time="0.898" errors="0" timestamp="2023-06-08T22:01:56 IST" skipped="0">
  <testcase classname="demoqa.RadioButton" name="handleRadio" time="0.898"/>
  <system-out/>
</testsuite> <!-- demoqa.RadioButton -->
