<?xml version="1.0" encoding="UTF-8"?>
<!-- Generated by org.testng.reporters.JUnitReportReporter -->
<testsuite hostname="Dell-Inspiron-3505" failures="0" tests="2" name="selenium.alert.frame.window.TabsAndWindow" time="35.992" errors="0" timestamp="2023-08-28T20:56:48 IST" skipped="0">
  <testcase classname="selenium.alert.frame.window.TabsAndWindow" name="newwindow" time="1.716"/>
  <system-out/>
  <testcase classname="selenium.alert.frame.window.TabsAndWindow" name="newTab" time="34.276"/>
  <system-out/>
</testsuite> <!-- selenium.alert.frame.window.TabsAndWindow -->
