<?xml version="1.0" encoding="UTF-8"?>
<!-- Generated by org.testng.reporters.JUnitReportReporter -->
<testsuite hostname="Dell-Inspiron-3505" failures="0" tests="1" name="seleniu.inetractions.Sortable" time="2.296" errors="0" timestamp="2023-07-13T18:04:53 IST" skipped="0">
  <testcase classname="seleniu.inetractions.Sortable" name="sortable" time="2.296"/>
  <system-out/>
</testsuite> <!-- seleniu.inetractions.Sortable -->
