<?xml version="1.0" encoding="UTF-8"?>
<!-- Generated by org.testng.reporters.JUnitReportReporter -->
<testsuite hostname="Dell-Inspiron-3505" failures="0" tests="1" name="selenium.widgets.Accodian" time="0.872" errors="0" timestamp="2023-09-11T20:46:51 IST" skipped="0">
  <testcase classname="selenium.widgets.Accodian" name="clickAccodian" time="0.872"/>
  <system-out/>
</testsuite> <!-- selenium.widgets.Accodian -->
