<?xml version="1.0" encoding="UTF-8"?>
<!-- Generated by org.testng.reporters.JUnitReportReporter -->
<testsuite hostname="Dell-Inspiron-3505" failures="0" tests="1" name="selenium.widgets.DateAndTimePicker" time="0.993" errors="0" timestamp="2023-06-22T16:01:40 IST" skipped="0">
  <testcase classname="selenium.widgets.DateAndTimePicker" name="selectDateandTime" time="0.993"/>
  <system-out/>
</testsuite> <!-- selenium.widgets.DateAndTimePicker -->
