<?xml version="1.0" encoding="UTF-8"?>
<!-- Generated by org.testng.reporters.JUnitReportReporter -->
<testsuite hostname="Dell-Inspiron-3505" failures="0" tests="1" name="demo.selenium.FirstLaunch" time="0.163" errors="0" timestamp="2023-08-03T21:11:29 IST" skipped="0">
  <testcase classname="demo.selenium.FirstLaunch" name="matchHeading" time="0.163"/>
  <system-out/>
</testsuite> <!-- demo.selenium.FirstLaunch -->
