<?xml version="1.0" encoding="UTF-8"?>
<!-- Generated by org.testng.reporters.JUnitReportReporter -->
<testsuite hostname="Dell-Inspiron-3505" failures="0" tests="4" name="selenium.alert.frame.window.HandleAlerts" time="6.653" errors="0" timestamp="2023-06-22T12:06:37 IST" skipped="0">
  <testcase classname="selenium.alert.frame.window.HandleAlerts" name="simpleAlert" time="0.311"/>
  <system-out/>
  <testcase classname="selenium.alert.frame.window.HandleAlerts" name="timerAlertButton" time="6.090"/>
  <system-out/>
  <testcase classname="selenium.alert.frame.window.HandleAlerts" name="confirmAlertButton" time="0.089"/>
  <system-out/>
  <testcase classname="selenium.alert.frame.window.HandleAlerts" name="promptAlertButton" time="0.163"/>
  <system-out/>
</testsuite> <!-- selenium.alert.frame.window.HandleAlerts -->
