<?xml version="1.0" encoding="UTF-8"?>
<!-- Generated by org.testng.reporters.JUnitReportReporter -->
<testsuite hostname="Dell-Inspiron-3505" failures="0" tests="1" name="runner.RunCuke" time="30.093" errors="0" timestamp="2023-08-28T20:41:36 IST" skipped="0">
  <testcase classname="runner.RunCuke" name="runScenario" time="30.093"/>
  <system-out/>
</testsuite> <!-- runner.RunCuke -->
