<?xml version="1.0" encoding="UTF-8"?>
<!-- Generated by org.testng.reporters.JUnitReportReporter -->
<testsuite hostname="Dell-Inspiron-3505" failures="0" tests="1" name="demoqa.Iframe" time="0.287" errors="0" timestamp="2023-06-14T20:46:00 IST" skipped="0">
  <testcase classname="demoqa.Iframe" name="singleFrame" time="0.287"/>
  <system-out/>
</testsuite> <!-- demoqa.Iframe -->
