<?xml version="1.0" encoding="UTF-8"?>
<!-- Generated by org.testng.reporters.JUnitReportReporter -->
<testsuite hostname="Dell-Inspiron-3505" failures="0" tests="1" name="seleniu.inetractions.Sortable" time="2.469" errors="0" timestamp="2023-06-23T20:48:41 IST" skipped="0">
  <testcase classname="seleniu.inetractions.Sortable" name="sortable" time="2.469"/>
  <system-out/>
</testsuite> <!-- seleniu.inetractions.Sortable -->
