<?xml version="1.0" encoding="UTF-8"?>
<!-- Generated by org.testng.reporters.JUnitReportReporter -->
<testsuite hostname="Dell-Inspiron-3505" failures="0" tests="3" name="selenium.elements.DynamicProperties" time="3.292" errors="0" timestamp="2023-06-19T21:34:22 IST" skipped="0">
  <testcase classname="selenium.elements.DynamicProperties" name="colorChange" time="0.144"/>
  <system-out/>
  <testcase classname="selenium.elements.DynamicProperties" name="visibleAfter5Sec" time="0.127"/>
  <system-out/>
  <testcase classname="selenium.elements.DynamicProperties" name="enableAfter5Sec" time="3.021"/>
  <system-out/>
</testsuite> <!-- selenium.elements.DynamicProperties -->
