<?xml version="1.0" encoding="UTF-8"?>
<!-- Generated by org.testng.reporters.JUnitReportReporter -->
<testsuite hostname="Dell-Inspiron-3505" failures="0" tests="2" name="selenium.elements.Webtable" time="4.761" errors="0" timestamp="2023-06-19T21:19:37 IST" skipped="0">
  <testcase classname="selenium.elements.Webtable" name="updateData" time="1.215"/>
  <system-out/>
  <testcase classname="selenium.elements.Webtable" name="addData" time="3.546"/>
  <system-out/>
</testsuite> <!-- selenium.elements.Webtable -->
