<?xml version="1.0" encoding="UTF-8"?>
<!-- Generated by org.testng.reporters.JUnitReportReporter -->
<testsuite hostname="Dell-Inspiron-3505" failures="0" tests="1" name="runner.RunCuke" time="30.902" errors="0" timestamp="2023-07-04T17:52:27 IST" skipped="0">
  <testcase classname="runner.RunCuke" name="runScenario" time="30.902"/>
  <system-out/>
</testsuite> <!-- runner.RunCuke -->
