<?xml version="1.0" encoding="UTF-8"?>
<!-- Generated by org.testng.reporters.JUnitReportReporter -->
<testsuite hostname="Dell-Inspiron-3505" failures="0" tests="1" name="tdd.approach.Slider" time="2.898" errors="0" timestamp="2022-09-09T16:07:37 IST" skipped="0">
  <testcase classname="tdd.approach.Slider" name="slide" time="2.898"/>
  <system-out/>
</testsuite> <!-- tdd.approach.Slider -->
