<?xml version="1.0" encoding="UTF-8"?>
<!-- Generated by org.testng.reporters.JUnitReportReporter -->
<testsuite hostname="Dell-Inspiron-3505" failures="0" tests="1" name="selenium.alert.frame.window.NestedFrame" time="5.253" errors="0" timestamp="2023-08-28T21:29:46 IST" skipped="0">
  <testcase classname="selenium.alert.frame.window.NestedFrame" name="nestedFrame" time="5.253"/>
  <system-out/>
</testsuite> <!-- selenium.alert.frame.window.NestedFrame -->
