<?xml version="1.0" encoding="UTF-8"?>
<!-- Generated by org.testng.reporters.JUnitReportReporter -->
<testsuite hostname="Dell-Inspiron-3505" failures="0" tests="1" name="javamethod.Test123" time="0.150" errors="0" timestamp="2023-10-16T20:33:51 IST" skipped="0">
  <testcase classname="javamethod.Test123" name="printnumber" time="0.150"/>
  <system-out/>
</testsuite> <!-- javamethod.Test123 -->
