<?xml version="1.0" encoding="UTF-8"?>
<!-- Generated by org.testng.reporters.JUnitReportReporter -->
<testsuite hostname="Dell-Inspiron-3505" failures="0" tests="1" name="tdd.approach.old.DragAndDrop" time="2.669" errors="0" timestamp="2023-05-31T16:33:34 IST" skipped="0">
  <testcase classname="tdd.approach.old.DragAndDrop" name="dragAndDrop" time="2.669"/>
  <system-out/>
</testsuite> <!-- tdd.approach.old.DragAndDrop -->
