<?xml version="1.0" encoding="UTF-8"?>
<!-- Generated by org.testng.reporters.JUnitReportReporter -->
<testsuite hostname="Dell-Inspiron-3505" failures="0" tests="1" name="demoqa.TextBox" time="684.435" errors="0" timestamp="2023-06-09T12:08:53 IST" skipped="0">
  <testcase classname="demoqa.TextBox" name="handleTextBox" time="684.435"/>
  <system-out/>
</testsuite> <!-- demoqa.TextBox -->
