<?xml version="1.0" encoding="UTF-8"?>
<!-- Generated by org.testng.reporters.JUnitReportReporter -->
<testsuite hostname="Dell-Inspiron-3505" failures="0" tests="2" name="seleniu.inetractions.Selectable" time="3.935" errors="0" timestamp="2023-06-26T21:47:08 IST" skipped="0">
  <testcase classname="seleniu.inetractions.Selectable" name="selectableList" time="1.283"/>
  <system-out/>
  <testcase classname="seleniu.inetractions.Selectable" name="selectableGrid" time="2.652"/>
  <system-out/>
</testsuite> <!-- seleniu.inetractions.Selectable -->
