<?xml version="1.0" encoding="UTF-8"?>
<!-- Generated by org.testng.reporters.JUnitReportReporter -->
<testsuite hostname="Dell-Inspiron-3505" failures="0" tests="2" name="demoqa.ModalDailouge" time="2.396" errors="0" timestamp="2023-06-15T16:22:40 IST" skipped="0">
  <testcase classname="demoqa.ModalDailouge" name="smallModal" time="1.164"/>
  <system-out/>
  <testcase classname="demoqa.ModalDailouge" name="largeModal" time="1.232"/>
  <system-out/>
</testsuite> <!-- demoqa.ModalDailouge -->
