<?xml version="1.0" encoding="UTF-8"?>
<!-- Generated by org.testng.reporters.JUnitReportReporter -->
<testsuite hostname="Dell-Inspiron-3505" failures="0" tests="2" name="runner.RunCuke" time="606.991" errors="0" timestamp="2023-10-16T20:53:54 IST" skipped="0">
  <testcase classname="runner.RunCuke" name="runScenario" time="269.639"/>
  <system-out/>
  <testcase classname="runner.RunCuke" name="runScenario" time="337.352"/>
  <system-out/>
</testsuite> <!-- runner.RunCuke -->
