<?xml version="1.0" encoding="UTF-8"?>
<!-- Generated by org.testng.reporters.JUnitReportReporter -->
<testsuite hostname="Dell-Inspiron-3505" failures="0" tests="4" name="demoqa.Alerts" time="6.471" errors="0" timestamp="2023-06-12T19:51:23 IST" skipped="0">
  <testcase classname="demoqa.Alerts" name="simpleAlert" time="0.145"/>
  <system-out/>
  <testcase classname="demoqa.Alerts" name="timerAlertButton" time="6.115"/>
  <system-out/>
  <testcase classname="demoqa.Alerts" name="confirmAlertButton" time="0.081"/>
  <system-out/>
  <testcase classname="demoqa.Alerts" name="promptAlertButton" time="0.130"/>
  <system-out/>
</testsuite> <!-- demoqa.Alerts -->
