<?xml version="1.0" encoding="UTF-8"?>
<!-- Generated by org.testng.reporters.JUnitReportReporter -->
<testsuite hostname="Dell-Inspiron-3505" failures="0" tests="1" name="selenium.widgets.ProgressBar" time="0.173" errors="0" timestamp="2023-06-22T21:21:14 IST" skipped="0">
  <testcase classname="selenium.widgets.ProgressBar" name="handleProgressBar" time="0.173"/>
  <system-out/>
</testsuite> <!-- selenium.widgets.ProgressBar -->
