<?xml version="1.0" encoding="UTF-8"?>
<!-- Generated by org.testng.reporters.JUnitReportReporter -->
<testsuite hostname="Dell-Inspiron-3505" failures="0" tests="1" name="corelearn.MOrningTest" time="0.084" errors="0" timestamp="2023-07-04T07:27:32 IST" skipped="0">
  <testcase classname="corelearn.MOrningTest" name="sum" time="0.084"/>
  <system-out/>
</testsuite> <!-- corelearn.MOrningTest -->
