<?xml version="1.0" encoding="UTF-8"?>
<!-- Generated by org.testng.reporters.JUnitReportReporter -->
<testsuite hostname="Dell-Inspiron-3505" failures="0" tests="2" name="seleniu.inetractions.Resizable" time="1.877" errors="0" timestamp="2023-07-13T21:47:12 IST" skipped="0">
  <testcase classname="seleniu.inetractions.Resizable" name="resizable2" time="1.314"/>
  <system-out/>
  <testcase classname="seleniu.inetractions.Resizable" name="resizable1" time="0.563"/>
  <system-out/>
</testsuite> <!-- seleniu.inetractions.Resizable -->
