<?xml version="1.0" encoding="UTF-8"?>
<!-- Generated by org.testng.reporters.JUnitReportReporter -->
<testsuite hostname="Dell-Inspiron-3505" failures="0" tests="1" name="demoqa.Webtable" time="3.510" errors="0" timestamp="2023-05-31T09:36:24 IST" skipped="0">
  <testcase classname="demoqa.Webtable" name="readWebtable" time="3.510"/>
  <system-out/>
</testsuite> <!-- demoqa.Webtable -->
