<?xml version="1.0" encoding="UTF-8"?>
<!-- Generated by org.testng.reporters.JUnitReportReporter -->
<testsuite hostname="Dell-Inspiron-3505" failures="0" tests="1" name="runner.RunCuke" time="37.672" errors="0" timestamp="2023-08-14T20:32:42 IST" skipped="0">
  <testcase classname="runner.RunCuke" name="runScenario" time="37.672"/>
  <system-out/>
</testsuite> <!-- runner.RunCuke -->
