<?xml version="1.0" encoding="UTF-8"?>
<!-- Generated by org.testng.reporters.JUnitReportReporter -->
<testsuite hostname="Dell-Inspiron-3505" failures="0" tests="1" name="seleniu.inetractions.DragAndDrop" time="2.660" errors="0" timestamp="2023-07-13T18:12:46 IST" skipped="0">
  <testcase classname="seleniu.inetractions.DragAndDrop" name="dragAndDrop" time="2.660"/>
  <system-out/>
</testsuite> <!-- seleniu.inetractions.DragAndDrop -->
