<?xml version="1.0" encoding="UTF-8"?>
<!-- Generated by org.testng.reporters.JUnitReportReporter -->
<testsuite hostname="Dell-Inspiron-3505" failures="0" tests="2" name="tdd.approach.old.HandleWindows" time="9.553" errors="0" timestamp="2023-05-31T16:32:37 IST" skipped="0">
  <testcase classname="tdd.approach.old.HandleWindows" name="clickWindow" time="2.469"/>
  <system-out/>
  <testcase classname="tdd.approach.old.HandleWindows" name="openNewWindow" time="7.084"/>
  <system-out/>
</testsuite> <!-- tdd.approach.old.HandleWindows -->
