<?xml version="1.0" encoding="UTF-8"?>
<!-- Generated by org.testng.reporters.JUnitReportReporter -->
<testsuite hostname="Dell-Inspiron-3505" failures="0" tests="10" name="selenium.practice.form.PracticeForm" time="15.266" errors="0" timestamp="2023-08-14T20:04:53 IST" skipped="0">
  <testcase classname="selenium.practice.form.PracticeForm" name="selectcity" time="0.327"/>
  <system-out/>
  <testcase classname="selenium.practice.form.PracticeForm" name="enterData" time="2.318"/>
  <system-out/>
  <testcase classname="selenium.practice.form.PracticeForm" name="autoSuggestionDropdown" time="1.478"/>
  <system-out/>
  <testcase classname="selenium.practice.form.PracticeForm" name="selectGender" time="0.266"/>
  <system-out/>
  <testcase classname="selenium.practice.form.PracticeForm" name="selectDate" time="1.480"/>
  <system-out/>
  <testcase classname="selenium.practice.form.PracticeForm" name="selectHobbies" time="0.232"/>
  <system-out/>
  <testcase classname="selenium.practice.form.PracticeForm" name="selectState" time="0.382"/>
  <system-out/>
  <testcase classname="selenium.practice.form.PracticeForm" name="uploadImage" time="6.155"/>
  <system-out/>
  <testcase classname="selenium.practice.form.PracticeForm" name="Submit" time="1.330"/>
  <system-out/>
  <testcase classname="selenium.practice.form.PracticeForm" name="confirmRegister" time="1.298"/>
  <system-out/>
</testsuite> <!-- selenium.practice.form.PracticeForm -->
