<?xml version="1.0" encoding="UTF-8"?>
<!-- Generated by org.testng.reporters.JUnitReportReporter -->
<testsuite hostname="Dell-Inspiron-3505" failures="0" tests="1" name="javamethod.PracticeFormE2E" time="8.113" errors="0" timestamp="2023-08-26T13:31:48 IST" skipped="0">
  <testcase classname="javamethod.PracticeFormE2E" name="enterData" time="8.113"/>
  <system-out/>
</testsuite> <!-- javamethod.PracticeFormE2E -->
