<?xml version="1.0" encoding="UTF-8"?>
<!-- Generated by org.testng.reporters.JUnitReportReporter -->
<testsuite hostname="Dell-Inspiron-3505" failures="0" tests="1" name="demoqa.NestedFrame" time="2.683" errors="0" timestamp="2023-06-14T21:02:13 IST" skipped="0">
  <testcase classname="demoqa.NestedFrame" name="nestedFrame" time="2.683"/>
  <system-out/>
</testsuite> <!-- demoqa.NestedFrame -->
