<?xml version="1.0" encoding="UTF-8"?>
<!-- Generated by org.testng.reporters.JUnitReportReporter -->
<testsuite hostname="Dell-Inspiron-3505" failures="0" tests="1" name="selenium.advance.methods.ScrollDownAndUp" time="4.054" errors="0" timestamp="2023-11-30T14:47:22 IST" skipped="0">
  <testcase classname="selenium.advance.methods.ScrollDownAndUp" name="dragAndDrop" time="4.054"/>
  <system-out/>
</testsuite> <!-- selenium.advance.methods.ScrollDownAndUp -->
