<?xml version="1.0" encoding="UTF-8"?>
<!-- Generated by org.testng.reporters.JUnitReportReporter -->
<testsuite hostname="Dell-Inspiron-3505" failures="0" tests="1" name="demoqa.LinksTabs" time="1.553" errors="0" timestamp="2023-06-08T21:57:26 IST" skipped="0">
  <testcase classname="demoqa.LinksTabs" name="newTabHandle" time="1.553"/>
  <system-out/>
</testsuite> <!-- demoqa.LinksTabs -->
