<?xml version="1.0" encoding="UTF-8"?>
<!-- Generated by org.testng.reporters.JUnitReportReporter -->
<testsuite hostname="Dell-Inspiron-3505" failures="0" tests="1" name="demoqa.DemoClass" time="1.354" errors="0" timestamp="2023-06-14T21:57:24 IST" skipped="0">
  <testcase classname="demoqa.DemoClass" name="selectDate" time="1.354"/>
  <system-out/>
</testsuite> <!-- demoqa.DemoClass -->
