<?xml version="1.0" encoding="UTF-8"?>
<!-- Generated by org.testng.reporters.JUnitReportReporter -->
<testsuite hostname="Dell-Inspiron-3505" failures="0" tests="1" name="seleniu.intractions.DragAndDrop" time="2.888" errors="0" timestamp="2023-06-22T17:35:15 IST" skipped="0">
  <testcase classname="seleniu.intractions.DragAndDrop" name="dragAndDrop" time="2.888"/>
  <system-out/>
</testsuite> <!-- seleniu.intractions.DragAndDrop -->
