<?xml version="1.0" encoding="UTF-8"?>
<!-- Generated by org.testng.reporters.JUnitReportReporter -->
<testsuite hostname="Dell-Inspiron-3505" failures="0" tests="1" name="selenium.elements.Dummy" time="38.478" errors="0" timestamp="2023-07-22T13:05:29 IST" skipped="0">
  <testcase classname="selenium.elements.Dummy" name="brokenImage" time="38.478"/>
  <system-out/>
</testsuite> <!-- selenium.elements.Dummy -->
