<?xml version="1.0" encoding="UTF-8"?>
<!-- Generated by org.testng.reporters.JUnitReportReporter -->
<testsuite hostname="Dell-Inspiron-3505" failures="0" tests="3" name="demoqa.BasicSeleniumActions" time="28.798" errors="0" timestamp="2023-06-12T18:23:35 IST" skipped="0">
  <testcase classname="demoqa.BasicSeleniumActions" name="autoSuggestionDropdown" time="21.515"/>
  <system-out/>
  <testcase classname="demoqa.BasicSeleniumActions" name="enterData" time="0.448"/>
  <system-out/>
  <testcase classname="demoqa.BasicSeleniumActions" name="uploadImage" time="6.835"/>
  <system-out/>
</testsuite> <!-- demoqa.BasicSeleniumActions -->
