<?xml version="1.0" encoding="UTF-8"?>
<!-- Generated by org.testng.reporters.JUnitReportReporter -->
<testsuite hostname="Dell-Inspiron-3505" failures="0" tests="1" name="selenium.advance.methods.ScreenshotOnFailure" time="1.139" errors="0" timestamp="2023-11-30T14:17:30 IST" skipped="0">
  <testcase classname="selenium.advance.methods.ScreenshotOnFailure" name="failingTest" time="1.139"/>
  <system-out/>
</testsuite> <!-- selenium.advance.methods.ScreenshotOnFailure -->
