<?xml version="1.0" encoding="UTF-8"?>
<!-- Generated by org.testng.reporters.JUnitReportReporter -->
<testsuite hostname="Dell-Inspiron-3505" failures="0" tests="2" name="seleniu.intractions.Selectable" time="4.457" errors="0" timestamp="2023-06-23T18:13:13 IST" skipped="0">
  <testcase classname="seleniu.intractions.Selectable" name="selectableList" time="1.573"/>
  <system-out/>
  <testcase classname="seleniu.intractions.Selectable" name="selectableGrid" time="2.884"/>
  <system-out/>
</testsuite> <!-- seleniu.intractions.Selectable -->
