<?xml version="1.0" encoding="UTF-8"?>
<!-- Generated by org.testng.reporters.JUnitReportReporter -->
<testsuite hostname="Dell-Inspiron-3505" failures="0" tests="1" name="javamethod.PracticeFormE2E" time="8.346" errors="0" timestamp="2023-11-03T20:10:47 IST" skipped="0">
  <testcase classname="javamethod.PracticeFormE2E" name="enterData" time="8.346"/>
  <system-out/>
</testsuite> <!-- javamethod.PracticeFormE2E -->
