<?xml version="1.0" encoding="UTF-8"?>
<!-- Generated by org.testng.reporters.JUnitReportReporter -->
<testsuite hostname="Dell-Inspiron-3505" failures="0" tests="1" name="demoqa.Checkbox" time="5.239" errors="0" timestamp="2023-05-31T20:23:50 IST" skipped="0">
  <testcase classname="demoqa.Checkbox" name="handleCheckBox" time="5.239"/>
  <system-out/>
</testsuite> <!-- demoqa.Checkbox -->
