<?xml version="1.0" encoding="UTF-8"?>
<!-- Generated by org.testng.reporters.JUnitReportReporter -->
<testsuite hostname="Dell-Inspiron-3505" failures="0" tests="4" name="tdd.approach.GlobalMethods" time="6.492" errors="0" timestamp="2022-09-10T11:00:48 IST" skipped="0">
  <testcase classname="tdd.approach.GlobalMethods" name="clickAlert" time="4.772"/>
  <system-out/>
  <testcase classname="tdd.approach.GlobalMethods" name="alertWithOk" time="0.782"/>
  <system-out/>
  <testcase classname="tdd.approach.GlobalMethods" name="alertWithOkAndCancel" time="0.652"/>
  <system-out/>
  <testcase classname="tdd.approach.GlobalMethods" name="alertWithText" time="0.286"/>
  <system-out/>
</testsuite> <!-- tdd.approach.GlobalMethods -->
