<?xml version="1.0" encoding="UTF-8"?>
<!-- Generated by org.testng.reporters.JUnitReportReporter -->
<testsuite hostname="Dell-Inspiron-3505" failures="0" tests="2" name="selenium.widgets.Hover" time="0.667" errors="0" timestamp="2023-06-22T20:55:32 IST" skipped="0">
  <testcase classname="selenium.widgets.Hover" name="mouseHoverClick" time="0.257"/>
  <system-out/>
  <testcase classname="selenium.widgets.Hover" name="mouseHover" time="0.410"/>
  <system-out/>
</testsuite> <!-- selenium.widgets.Hover -->
