<?xml version="1.0" encoding="UTF-8"?>
<!-- Generated by org.testng.reporters.JUnitReportReporter -->
<testsuite hostname="Dell-Inspiron-3505" failures="0" tests="1" name="selenium.widgets.MenuSubmenu" time="0.649" errors="0" timestamp="2023-07-04T07:14:35 IST" skipped="0">
  <testcase classname="selenium.widgets.MenuSubmenu" name="subMenu" time="0.649"/>
  <system-out/>
</testsuite> <!-- selenium.widgets.MenuSubmenu -->
