<?xml version="1.0" encoding="UTF-8"?>
<!-- Generated by org.testng.reporters.JUnitReportReporter -->
<testsuite hostname="Dell-Inspiron-3505" failures="0" tests="2" name="demoqa.TabsAndWindow" time="2.752" errors="0" timestamp="2023-06-12T20:14:40 IST" skipped="0">
  <testcase classname="demoqa.TabsAndWindow" name="newwindow" time="1.570"/>
  <system-out/>
  <testcase classname="demoqa.TabsAndWindow" name="newTab" time="1.182"/>
  <system-out/>
</testsuite> <!-- demoqa.TabsAndWindow -->
