<?xml version="1.0" encoding="UTF-8"?>
<!-- Generated by org.testng.reporters.JUnitReportReporter -->
<testsuite hostname="Dell-Inspiron-3505" failures="0" tests="1" name="selenium.widgets.Tooltip" time="0.409" errors="0" timestamp="2023-06-20T18:49:08 IST" skipped="0">
  <testcase classname="selenium.widgets.Tooltip" name="tabs" time="0.409"/>
  <system-out/>
</testsuite> <!-- selenium.widgets.Tooltip -->
