<?xml version="1.0" encoding="UTF-8"?>
<!-- Generated by org.testng.reporters.JUnitReportReporter -->
<testsuite hostname="Dell-Inspiron-3505" failures="0" tests="1" name="selenium.widgets.Slider" time="0.708" errors="0" timestamp="2023-06-23T17:47:49 IST" skipped="0">
  <testcase classname="selenium.widgets.Slider" name="slider" time="0.708"/>
  <system-out/>
</testsuite> <!-- selenium.widgets.Slider -->
